<?xml version="1.0" encoding="UTF-8"?>
<testng-results skipped="0" failed="0" ignored="0" total="1" passed="1">
  <reporter-output>
  </reporter-output>
  <suite name="Suite" duration-ms="63351" started-at="2023-02-20T17:16:40 IST" finished-at="2023-02-20T17:17:43 IST">
    <groups>
    </groups>
    <test name="Test" duration-ms="63351" started-at="2023-02-20T17:16:40 IST" finished-at="2023-02-20T17:17:43 IST">
      <class name="scripts.P1">
        <test-method status="PASS" signature="setup()[pri:0, instance:scripts.P1@7a30d1e6]" name="setup" duration-ms="63271" started-at="2023-02-20T17:16:40 IST" finished-at="2023-02-20T17:17:43 IST">
          <reporter-output>
          </reporter-output>
        </test-method> <!-- setup -->
      </class> <!-- scripts.P1 -->
    </test> <!-- Test -->
  </suite> <!-- Suite -->
</testng-results>
