<?xml version="1.0" encoding="UTF-8"?>
<!-- Generated by org.testng.reporters.JUnitXMLReporter -->
<testsuite hostname="DESKTOP-AOTV5IP" ignored="4" name="ChromeTest" tests="2" failures="0" timestamp="2023-01-30T13:46:56 IST" time="38.377" errors="0">
  <testcase name="fbLoginScript" time="3.206" classname="testng_programs.P11"/>
  <testcase name="actiLoginScript" time="25.367" classname="testng_programs.P12"/>
  <testcase name="@AfterSuite aftersuite" time="0.0" classname="testng_programs.BaseTest3">
    <ignored/>
  </testcase> <!-- @AfterSuite aftersuite -->
  <testcase name="@BeforeSuite beforesuite" time="0.0" classname="testng_programs.BaseTest3">
    <ignored/>
  </testcase> <!-- @BeforeSuite beforesuite -->
  <testcase name="@AfterTest posttest" time="0.0" classname="testng_programs.BaseTest3">
    <ignored/>
  </testcase> <!-- @AfterTest posttest -->
  <testcase name="@BeforeTest pretest" time="0.0" classname="testng_programs.BaseTest3">
    <ignored/>
  </testcase> <!-- @BeforeTest pretest -->
</testsuite> <!-- ChromeTest -->
