<?xml version="1.0" encoding="UTF-8"?>
<!-- Generated by org.testng.reporters.JUnitXMLReporter -->
<testsuite hostname="DESKTOP-AOTV5IP" ignored="2" name="Test" tests="3" failures="0" timestamp="2023-01-30T16:36:42 IST" time="0.112" errors="0">
  <testcase name="script2" time="0.01" classname="testng_programs.P22"/>
  <testcase name="script3" time="0.01" classname="testng_programs.P22"/>
  <testcase name="script4" time="0.0" classname="testng_programs.P22"/>
  <testcase name="script5" time="0.0" classname="testng_programs.P22">
    <ignored/>
  </testcase> <!-- script5 -->
  <testcase name="script1" time="0.0" classname="testng_programs.P22">
    <ignored/>
  </testcase> <!-- script1 -->
</testsuite> <!-- Test -->
