<?xml version="1.0" encoding="UTF-8"?>
<!-- Generated by org.testng.reporters.JUnitXMLReporter -->
<testsuite hostname="DESKTOP-AOTV5IP" ignored="1" name="Test" tests="2" failures="0" timestamp="2023-02-13T13:23:13 IST" time="47.881" errors="0">
  <testcase name="actiLoginScript" time="6.634" classname="scripts.p1"/>
  <testcase name="addUserScript" time="12.325" classname="scripts.p2"/>
  <testcase name="@AfterSuite killDriver" time="0.0" classname="generic.basetest">
    <ignored/>
  </testcase> <!-- @AfterSuite killDriver -->
</testsuite> <!-- Test -->
