<?xml version="1.0" encoding="UTF-8"?>
<testng-results skipped="0" failed="0" ignored="0" total="2" passed="2">
  <reporter-output>
  </reporter-output>
  <suite name="Suite" duration-ms="19277" started-at="2023-01-06T09:08:21 IST" finished-at="2023-01-06T09:08:41 IST">
    <groups>
    </groups>
    <test name="Test" duration-ms="19277" started-at="2023-01-06T09:08:21 IST" finished-at="2023-01-06T09:08:41 IST">
      <class name="script.P2">
        <test-method status="PASS" signature="actiLoginScript()[pri:0, instance:script.P2@67205a84]" name="actiLoginScript" duration-ms="14402" started-at="2023-01-06T09:08:22 IST" finished-at="2023-01-06T09:08:36 IST">
          <reporter-output>
          </reporter-output>
        </test-method> <!-- actiLoginScript -->
        <test-method status="PASS" signature="fbLoginScript()[pri:0, instance:script.P2@67205a84]" name="fbLoginScript" duration-ms="4801" started-at="2023-01-06T09:08:36 IST" finished-at="2023-01-06T09:08:41 IST">
          <reporter-output>
          </reporter-output>
        </test-method> <!-- fbLoginScript -->
      </class> <!-- script.P2 -->
    </test> <!-- Test -->
  </suite> <!-- Suite -->
</testng-results>
